finished splitting
for label 1
{
    "dest": "m",
    "op": "arg",
    "type": "int"
}
{
    "dest": "n",
    "op": "arg",
    "type": "int"
}
{
    "dest": "zero",
    "op": "const",
    "type": "int",
    "value": 0
}
{
    "dest": "one",
    "op": "const",
    "type": "int",
    "value": 1
}
{
    "args": [
        "m",
        "zero"
    ],
    "dest": "cond_m",
    "op": "eq",
    "type": "bool"
}
{
    "args": [
        "cond_m"
    ],
    "labels": [
        "m_zero",
        "m_nonzero"
    ],
    "op": "br"
}
______
for label 2
{
    "args": [
        "n",
        "one"
    ],
    "dest": "tmp",
    "op": "add",
    "type": "int"
}
{
    "args": [
        "tmp"
    ],
    "op": "ret"
}
______
for label 3
{
    "args": [
        "n",
        "zero"
    ],
    "dest": "cond_n",
    "op": "eq",
    "type": "bool"
}
{
    "args": [
        "cond_n"
    ],
    "labels": [
        "n_zero",
        "n_nonzero"
    ],
    "op": "br"
}
______
for label 4
{
    "args": [
        "m",
        "one"
    ],
    "dest": "m1",
    "op": "sub",
    "type": "int"
}
{
    "args": [
        "m1",
        "one"
    ],
    "dest": "tmp",
    "funcs": [
        "ack"
    ],
    "op": "call",
    "type": "int"
}
{
    "args": [
        "tmp"
    ],
    "op": "ret"
}
______
for label 5
{
    "args": [
        "m",
        "one"
    ],
    "dest": "m1",
    "op": "sub",
    "type": "int"
}
{
    "args": [
        "n",
        "one"
    ],
    "dest": "n1",
    "op": "sub",
    "type": "int"
}
{
    "args": [
        "m",
        "n1"
    ],
    "dest": "t1",
    "funcs": [
        "ack"
    ],
    "op": "call",
    "type": "int"
}
{
    "args": [
        "m1",
        "t1"
    ],
    "dest": "t2",
    "funcs": [
        "ack"
    ],
    "op": "call",
    "type": "int"
}
{
    "args": [
        "t2"
    ],
    "op": "ret"
}
______
for label 6
{
    "dest": "m",
    "op": "arg",
    "type": "int"
}
{
    "dest": "n",
    "op": "arg",
    "type": "int"
}
{
    "args": [
        "m",
        "n"
    ],
    "dest": "tmp",
    "funcs": [
        "ack"
    ],
    "op": "call",
    "type": "int"
}
{
    "args": [
        "tmp"
    ],
    "op": "print"
}
______
label 1
2
3
label 2
label 3
4
5
label 4
1
label 5
1
label 6
1
predecessors
label 1
4
5
6
label 2
1
label 3
1
label 4
3
label 5
3
label 6
